C:\USERS\IZANAMI\DOCUMENTS\VISUAL STUDIO 2010\PROJECTS\ADHERPROJECT\ADHERPROJECT\DEBUG\ADHERPROJECT.EXE.EMBED.MANIFEST
C:\USERS\IZANAMI\DOCUMENTS\VISUAL STUDIO 2010\PROJECTS\ADHERPROJECT\ADHERPROJECT\DEBUG\ADHERPROJECT.EXE.EMBED.MANIFEST.RES
C:\USERS\IZANAMI\DOCUMENTS\VISUAL STUDIO 2010\PROJECTS\ADHERPROJECT\ADHERPROJECT\DEBUG\ADHERPROJECT.EXE.INTERMEDIATE.MANIFEST
C:\Users\izanami\documents\visual studio 2010\Projects\AdherProject\AdherProject\Debug\AdherProject.vcxprojResolveAssemblyReference.cache
C:\Users\izanami\documents\visual studio 2010\Projects\AdherProject\AdherProject\Debug\AdherProject.write.1.tlog
C:\Users\izanami\documents\visual studio 2010\Projects\AdherProject\AdherProject\Debug\AdherProject_manifest.rc
C:\Users\izanami\documents\visual studio 2010\Projects\AdherProject\AdherProject\Debug\cl.command.1.tlog
C:\Users\izanami\documents\visual studio 2010\Projects\AdherProject\AdherProject\Debug\CL.read.1.tlog
C:\Users\izanami\documents\visual studio 2010\Projects\AdherProject\AdherProject\Debug\CL.write.1.tlog
C:\USERS\IZANAMI\DOCUMENTS\VISUAL STUDIO 2010\PROJECTS\ADHERPROJECT\ADHERPROJECT\DEBUG\COLORS.OBJ
C:\USERS\IZANAMI\DOCUMENTS\VISUAL STUDIO 2010\PROJECTS\ADHERPROJECT\ADHERPROJECT\DEBUG\ENTITE.OBJ
C:\USERS\IZANAMI\DOCUMENTS\VISUAL STUDIO 2010\PROJECTS\ADHERPROJECT\ADHERPROJECT\DEBUG\ENTITES.OBJ
C:\USERS\IZANAMI\DOCUMENTS\VISUAL STUDIO 2010\PROJECTS\ADHERPROJECT\ADHERPROJECT\DEBUG\FIELDS.OBJ
C:\Users\izanami\documents\visual studio 2010\Projects\AdherProject\AdherProject\Debug\link.10140.read.1.tlog
C:\Users\izanami\documents\visual studio 2010\Projects\AdherProject\AdherProject\Debug\link.10140.write.1.tlog
C:\Users\izanami\documents\visual studio 2010\Projects\AdherProject\AdherProject\Debug\link.10140-cvtres.read.1.tlog
C:\Users\izanami\documents\visual studio 2010\Projects\AdherProject\AdherProject\Debug\link.10140-cvtres.write.1.tlog
C:\Users\izanami\documents\visual studio 2010\Projects\AdherProject\AdherProject\Debug\link.1044.read.1.tlog
C:\Users\izanami\documents\visual studio 2010\Projects\AdherProject\AdherProject\Debug\link.1044.write.1.tlog
C:\Users\izanami\documents\visual studio 2010\Projects\AdherProject\AdherProject\Debug\link.1044-cvtres.read.1.tlog
C:\Users\izanami\documents\visual studio 2010\Projects\AdherProject\AdherProject\Debug\link.1044-cvtres.write.1.tlog
C:\Users\izanami\documents\visual studio 2010\Projects\AdherProject\AdherProject\Debug\link.1704.read.1.tlog
C:\Users\izanami\documents\visual studio 2010\Projects\AdherProject\AdherProject\Debug\link.1704.write.1.tlog
C:\Users\izanami\documents\visual studio 2010\Projects\AdherProject\AdherProject\Debug\link.1704-cvtres.read.1.tlog
C:\Users\izanami\documents\visual studio 2010\Projects\AdherProject\AdherProject\Debug\link.1704-cvtres.write.1.tlog
C:\Users\izanami\documents\visual studio 2010\Projects\AdherProject\AdherProject\Debug\link.4360.read.1.tlog
C:\Users\izanami\documents\visual studio 2010\Projects\AdherProject\AdherProject\Debug\link.4360.write.1.tlog
C:\Users\izanami\documents\visual studio 2010\Projects\AdherProject\AdherProject\Debug\link.4360-cvtres.read.1.tlog
C:\Users\izanami\documents\visual studio 2010\Projects\AdherProject\AdherProject\Debug\link.4360-cvtres.write.1.tlog
C:\Users\izanami\documents\visual studio 2010\Projects\AdherProject\AdherProject\Debug\link.5628.read.1.tlog
C:\Users\izanami\documents\visual studio 2010\Projects\AdherProject\AdherProject\Debug\link.5628.write.1.tlog
C:\Users\izanami\documents\visual studio 2010\Projects\AdherProject\AdherProject\Debug\link.5628-cvtres.read.1.tlog
C:\Users\izanami\documents\visual studio 2010\Projects\AdherProject\AdherProject\Debug\link.5628-cvtres.write.1.tlog
C:\Users\izanami\documents\visual studio 2010\Projects\AdherProject\AdherProject\Debug\link.6204.read.1.tlog
C:\Users\izanami\documents\visual studio 2010\Projects\AdherProject\AdherProject\Debug\link.6204.write.1.tlog
C:\Users\izanami\documents\visual studio 2010\Projects\AdherProject\AdherProject\Debug\link.6204-cvtres.read.1.tlog
C:\Users\izanami\documents\visual studio 2010\Projects\AdherProject\AdherProject\Debug\link.6204-cvtres.write.1.tlog
C:\Users\izanami\documents\visual studio 2010\Projects\AdherProject\AdherProject\Debug\link.6400.read.1.tlog
C:\Users\izanami\documents\visual studio 2010\Projects\AdherProject\AdherProject\Debug\link.6400.write.1.tlog
C:\Users\izanami\documents\visual studio 2010\Projects\AdherProject\AdherProject\Debug\link.6400-cvtres.read.1.tlog
C:\Users\izanami\documents\visual studio 2010\Projects\AdherProject\AdherProject\Debug\link.6400-cvtres.write.1.tlog
C:\Users\izanami\documents\visual studio 2010\Projects\AdherProject\AdherProject\Debug\link.6552.read.1.tlog
C:\Users\izanami\documents\visual studio 2010\Projects\AdherProject\AdherProject\Debug\link.6552.write.1.tlog
C:\Users\izanami\documents\visual studio 2010\Projects\AdherProject\AdherProject\Debug\link.6552-cvtres.read.1.tlog
C:\Users\izanami\documents\visual studio 2010\Projects\AdherProject\AdherProject\Debug\link.6552-cvtres.write.1.tlog
C:\Users\izanami\documents\visual studio 2010\Projects\AdherProject\AdherProject\Debug\link.7172.read.1.tlog
C:\Users\izanami\documents\visual studio 2010\Projects\AdherProject\AdherProject\Debug\link.7172.write.1.tlog
C:\Users\izanami\documents\visual studio 2010\Projects\AdherProject\AdherProject\Debug\link.7172-cvtres.read.1.tlog
C:\Users\izanami\documents\visual studio 2010\Projects\AdherProject\AdherProject\Debug\link.7172-cvtres.write.1.tlog
C:\Users\izanami\documents\visual studio 2010\Projects\AdherProject\AdherProject\Debug\link.7320.read.1.tlog
C:\Users\izanami\documents\visual studio 2010\Projects\AdherProject\AdherProject\Debug\link.7320.write.1.tlog
C:\Users\izanami\documents\visual studio 2010\Projects\AdherProject\AdherProject\Debug\link.7320-cvtres.read.1.tlog
C:\Users\izanami\documents\visual studio 2010\Projects\AdherProject\AdherProject\Debug\link.7320-cvtres.write.1.tlog
C:\Users\izanami\documents\visual studio 2010\Projects\AdherProject\AdherProject\Debug\link.7340.read.1.tlog
C:\Users\izanami\documents\visual studio 2010\Projects\AdherProject\AdherProject\Debug\link.7340.write.1.tlog
C:\Users\izanami\documents\visual studio 2010\Projects\AdherProject\AdherProject\Debug\link.7340-cvtres.read.1.tlog
C:\Users\izanami\documents\visual studio 2010\Projects\AdherProject\AdherProject\Debug\link.7340-cvtres.write.1.tlog
C:\Users\izanami\documents\visual studio 2010\Projects\AdherProject\AdherProject\Debug\link.7424.read.1.tlog
C:\Users\izanami\documents\visual studio 2010\Projects\AdherProject\AdherProject\Debug\link.7424.write.1.tlog
C:\Users\izanami\documents\visual studio 2010\Projects\AdherProject\AdherProject\Debug\link.7424-cvtres.read.1.tlog
C:\Users\izanami\documents\visual studio 2010\Projects\AdherProject\AdherProject\Debug\link.7424-cvtres.write.1.tlog
C:\Users\izanami\documents\visual studio 2010\Projects\AdherProject\AdherProject\Debug\link.7588.read.1.tlog
C:\Users\izanami\documents\visual studio 2010\Projects\AdherProject\AdherProject\Debug\link.7588.write.1.tlog
C:\Users\izanami\documents\visual studio 2010\Projects\AdherProject\AdherProject\Debug\link.7588-cvtres.read.1.tlog
C:\Users\izanami\documents\visual studio 2010\Projects\AdherProject\AdherProject\Debug\link.7588-cvtres.write.1.tlog
C:\Users\izanami\documents\visual studio 2010\Projects\AdherProject\AdherProject\Debug\link.7704.read.1.tlog
C:\Users\izanami\documents\visual studio 2010\Projects\AdherProject\AdherProject\Debug\link.7704.write.1.tlog
C:\Users\izanami\documents\visual studio 2010\Projects\AdherProject\AdherProject\Debug\link.7704-cvtres.read.1.tlog
C:\Users\izanami\documents\visual studio 2010\Projects\AdherProject\AdherProject\Debug\link.7704-cvtres.write.1.tlog
C:\Users\izanami\documents\visual studio 2010\Projects\AdherProject\AdherProject\Debug\link.8932.read.1.tlog
C:\Users\izanami\documents\visual studio 2010\Projects\AdherProject\AdherProject\Debug\link.8932.write.1.tlog
C:\Users\izanami\documents\visual studio 2010\Projects\AdherProject\AdherProject\Debug\link.8932-cvtres.read.1.tlog
C:\Users\izanami\documents\visual studio 2010\Projects\AdherProject\AdherProject\Debug\link.8932-cvtres.write.1.tlog
C:\Users\izanami\documents\visual studio 2010\Projects\AdherProject\AdherProject\Debug\link.8964.read.1.tlog
C:\Users\izanami\documents\visual studio 2010\Projects\AdherProject\AdherProject\Debug\link.8964.write.1.tlog
C:\Users\izanami\documents\visual studio 2010\Projects\AdherProject\AdherProject\Debug\link.8964-cvtres.read.1.tlog
C:\Users\izanami\documents\visual studio 2010\Projects\AdherProject\AdherProject\Debug\link.8964-cvtres.write.1.tlog
C:\Users\izanami\documents\visual studio 2010\Projects\AdherProject\AdherProject\Debug\link.9604.read.1.tlog
C:\Users\izanami\documents\visual studio 2010\Projects\AdherProject\AdherProject\Debug\link.9604.write.1.tlog
C:\Users\izanami\documents\visual studio 2010\Projects\AdherProject\AdherProject\Debug\link.9604-cvtres.read.1.tlog
C:\Users\izanami\documents\visual studio 2010\Projects\AdherProject\AdherProject\Debug\link.9604-cvtres.write.1.tlog
C:\Users\izanami\documents\visual studio 2010\Projects\AdherProject\AdherProject\Debug\link.command.1.tlog
C:\Users\izanami\documents\visual studio 2010\Projects\AdherProject\AdherProject\Debug\link.read.1.tlog
C:\Users\izanami\documents\visual studio 2010\Projects\AdherProject\AdherProject\Debug\link.write.1.tlog
C:\Users\izanami\documents\visual studio 2010\Projects\AdherProject\AdherProject\Debug\link-cvtres.read.1.tlog
C:\Users\izanami\documents\visual studio 2010\Projects\AdherProject\AdherProject\Debug\link-cvtres.write.1.tlog
C:\USERS\IZANAMI\DOCUMENTS\VISUAL STUDIO 2010\PROJECTS\ADHERPROJECT\ADHERPROJECT\DEBUG\MAIN.OBJ
C:\USERS\IZANAMI\DOCUMENTS\VISUAL STUDIO 2010\PROJECTS\ADHERPROJECT\ADHERPROJECT\DEBUG\MEM.OBJ
C:\Users\izanami\documents\visual studio 2010\Projects\AdherProject\AdherProject\Debug\mt.command.1.tlog
C:\Users\izanami\documents\visual studio 2010\Projects\AdherProject\AdherProject\Debug\mt.read.1.tlog
C:\Users\izanami\documents\visual studio 2010\Projects\AdherProject\AdherProject\Debug\mt.write.1.tlog
C:\Users\izanami\documents\visual studio 2010\Projects\AdherProject\AdherProject\Debug\rc.command.1.tlog
C:\Users\izanami\documents\visual studio 2010\Projects\AdherProject\AdherProject\Debug\rc.read.1.tlog
C:\Users\izanami\documents\visual studio 2010\Projects\AdherProject\AdherProject\Debug\rc.write.1.tlog
C:\USERS\IZANAMI\DOCUMENTS\VISUAL STUDIO 2010\PROJECTS\ADHERPROJECT\ADHERPROJECT\DEBUG\STR.OBJ
C:\USERS\IZANAMI\DOCUMENTS\VISUAL STUDIO 2010\PROJECTS\ADHERPROJECT\ADHERPROJECT\DEBUG\TEST.OBJ
C:\Users\izanami\documents\visual studio 2010\Projects\AdherProject\AdherProject\Debug\vc100.idb
C:\USERS\IZANAMI\DOCUMENTS\VISUAL STUDIO 2010\PROJECTS\ADHERPROJECT\ADHERPROJECT\DEBUG\VC100.PDB
C:\USERS\IZANAMI\DOCUMENTS\VISUAL STUDIO 2010\PROJECTS\ADHERPROJECT\DEBUG\ADHERPROJECT.EXE
C:\USERS\IZANAMI\DOCUMENTS\VISUAL STUDIO 2010\PROJECTS\ADHERPROJECT\DEBUG\ADHERPROJECT.ILK
C:\USERS\IZANAMI\DOCUMENTS\VISUAL STUDIO 2010\PROJECTS\ADHERPROJECT\DEBUG\ADHERPROJECT.PDB
